#
# A fatal error has been detected by the Java Runtime Environment:
#
#  SIGSEGV (0xb) at pc=0x000000010c6462c8, pid=10463, tid=14855
#
# JRE version: Java(TM) SE Runtime Environment (8.0_77-b03) (build 1.8.0_77-b03)
# Java VM: Java HotSpot(TM) 64-Bit Server VM (25.77-b03 mixed mode bsd-amd64 compressed oops)
# Problematic frame:
# V  [libjvm.dylib+0x4462c8]
#
# Failed to write core dump. Core dumps have been disabled. To enable core dumping, try "ulimit -c unlimited" before starting Java again
#
# If you would like to submit a bug report, please visit:
#   http://bugreport.java.com/bugreport/crash.jsp
#

---------------  T H R E A D  ---------------

Current thread (0x00007ff656014800):  JavaThread "JDWP Transport Listener: dt_socket" daemon [_thread_in_vm, id=14855, stack(0x000070000faca000,0x000070000fbca000)]

siginfo: si_signo: 11 (SIGSEGV), si_code: 1 (SEGV_MAPERR), si_addr: 0x0000000000000003

Registers:
RAX=0x0000000000000001, RBX=0x000070000fbc9a8b, RCX=0x000000010ca15340, RDX=0x000070000fbc9a8b
RSP=0x000070000fbc99d0, RBP=0x000070000fbc99e0, RSI=0x00007ff656014800, RDI=0x0000000000000003
R8 =0x0000000000000000, R9 =0x00007ff655602a90, R10=0x000007ff655607dd, R11=0x0000000000000001
R12=0x00007ff656014800, R13=0x0000000000000003, R14=0x0000000000000003, R15=0x00007ff655500040
RIP=0x000000010c6462c8, EFLAGS=0x0000000000010206, ERR=0x0000000000000004
  TRAPNO=0x000000000000000e

Top of Stack: (sp=0x000070000fbc99d0)
0x000070000fbc99d0:   000070000fbc9a8b 000070000fbc9a8b
0x000070000fbc99e0:   000070000fbc9a40 000000010c5552fe
0x000070000fbc99f0:   00007ff656014800 0000000000000000
0x000070000fbc9a00:   0000000000000000 0000000000000000
0x000070000fbc9a10:   00007ff656014800 00007ff656014800
0x000070000fbc9a20:   000070000fbc9a8b 000070000fbc9a90
0x000070000fbc9a30:   0000000000000003 000000000000000d
0x000070000fbc9a40:   000070000fbc9a60 000000010b136780
0x000070000fbc9a50:   0000000000000001 000070000fbc9b08
0x000070000fbc9a60:   000070000fbc9ad0 000000010b11b1f3
0x000070000fbc9a70:   000070000fbc9aa0 00007ff655606da0
0x000070000fbc9a80:   0000000e00000032 0000000800bc9b08
0x000070000fbc9a90:   0000000000000000 0000000000000000
0x000070000fbc9aa0:   0000000000000000 000070000fbc9c90
0x000070000fbc9ab0:   000000010b13de7a 00007ff65780e080
0x000070000fbc9ac0:   000070000fbc9b08 000000010b149598
0x000070000fbc9ad0:   000070000fbc9ae0 000000010b11b2ec
0x000070000fbc9ae0:   000070000fbc9d00 000000010b124898
0x000070000fbc9af0:   0001a2e300000013 00000000000f0200
0x000070000fbc9b00:   00007ff6578061e0 00007ff65560cbca
0x000070000fbc9b10:   00007ff6000000be 00007ff655606e10
0x000070000fbc9b20:   00007ff60000012c 000070000fbc9b58
0x000070000fbc9b30:   00007ff655606e10 0000000000000000
0x000070000fbc9b40:   0001a2e30000000f 0000000000000080
0x000070000fbc9b50:   000070000fbc9b58 f67f00000e000000
0x000070000fbc9b60:   060000004887b157 00003e74696e693c
0x000070000fbc9b70:   0000005629280300 7f00000100000000
0x000070000fbc9b80:   0000005887b157f6 537972616e69620c
0x000070000fbc9b90:   0000006863726165 2f6176616a4c2826
0x000070000fbc9ba0:   73694c2f6c697475 2f6176616a4c3b74
0x000070000fbc9bb0:   746e492f676e616c 005a293b72656765
0x000070000fbc9bc0:   76616a4c283b0000 4c2f6c6974752f61 

Instructions: (pc=0x000000010c6462c8)
0x000000010c6462a8:   40 48 48 85 c0 75 e0 30 c0 0f b6 c0 5d c3 31 c0
0x000000010c6462b8:   5d c3 55 48 89 e5 53 48 83 ec 08 48 85 ff 74 24
0x000000010c6462c8:   48 8b 1f 48 85 db 74 1c 48 83 fb 37 74 16 48 8b
0x000000010c6462d8:   03 48 89 df ff 50 10 84 c0 b8 00 00 00 00 48 0f 

Register to memory mapping:

RAX=0x0000000000000001 is an unknown value
RBX=0x000070000fbc9a8b is pointing into the stack for thread: 0x00007ff656014800
RCX=0x000000010ca15340: UseMembar+0 in /Library/Java/JavaVirtualMachines/jdk1.8.0_77.jdk/Contents/Home/jre/lib/server/libjvm.dylib at 0x000000010c200000
RDX=0x000070000fbc9a8b is pointing into the stack for thread: 0x00007ff656014800
RSP=0x000070000fbc99d0 is pointing into the stack for thread: 0x00007ff656014800
RBP=0x000070000fbc99e0 is pointing into the stack for thread: 0x00007ff656014800
RSI=0x00007ff656014800 is a thread
RDI=0x0000000000000003 is an unknown value
R8 =0x0000000000000000 is an unknown value
R9 =0x00007ff655602a90 is an unknown value
R10=0x000007ff655607dd is an unknown value
R11=0x0000000000000001 is an unknown value
R12=0x00007ff656014800 is a thread
R13=0x0000000000000003 is an unknown value
R14=0x0000000000000003 is an unknown value
R15=0x00007ff655500040 is an unknown value


Stack: [0x000070000faca000,0x000070000fbca000],  sp=0x000070000fbc99d0,  free space=1022k
Native frames: (J=compiled Java code, j=interpreted, Vv=VM code, C=native code)
V  [libjvm.dylib+0x4462c8]
V  [libjvm.dylib+0x3552fe]
C  [libjdwp.dylib+0x20780]  isMethodSynthetic+0x63
C  [libjdwp.dylib+0x51f3]  methods1+0x10b
C  [libjdwp.dylib+0x52ec]  methodsWithGeneric+0xe
C  [libjdwp.dylib+0xe898]  debugLoop_run+0x1ce
C  [libjdwp.dylib+0x1f6ba]  attachThread+0x4d
V  [libjvm.dylib+0x39665c]
V  [libjvm.dylib+0x560e03]
V  [libjvm.dylib+0x5624fe]
V  [libjvm.dylib+0x482eda]
C  [libsystem_pthread.dylib+0x3661]  _pthread_body+0x154
C  [libsystem_pthread.dylib+0x350d]  _pthread_body+0x0
C  [libsystem_pthread.dylib+0x2bf9]  thread_start+0xd
C  0x0000000000000000


---------------  P R O C E S S  ---------------

Java Threads: ( => current thread )
  0x00007ff658009000 JavaThread "Service Thread" daemon [_thread_blocked, id=22019, stack(0x00007000101df000,0x00007000102df000)]
  0x00007ff65800e000 JavaThread "C1 CompilerThread3" daemon [_thread_blocked, id=21763, stack(0x00007000100dc000,0x00007000101dc000)]
  0x00007ff659084800 JavaThread "C2 CompilerThread2" daemon [_thread_blocked, id=16643, stack(0x000070000ffd9000,0x00007000100d9000)]
  0x00007ff657043800 JavaThread "C2 CompilerThread1" daemon [_thread_blocked, id=16899, stack(0x000070000fed6000,0x000070000ffd6000)]
  0x00007ff657042800 JavaThread "C2 CompilerThread0" daemon [_thread_blocked, id=15619, stack(0x000070000fdd3000,0x000070000fed3000)]
  0x00007ff659033000 JavaThread "JDWP Command Reader" daemon [_thread_in_native, id=17155, stack(0x000070000fcd0000,0x000070000fdd0000)]
  0x00007ff658801000 JavaThread "JDWP Event Helper Thread" daemon [_thread_blocked, id=17411, stack(0x000070000fbcd000,0x000070000fccd000)]
=>0x00007ff656014800 JavaThread "JDWP Transport Listener: dt_socket" daemon [_thread_in_vm, id=14855, stack(0x000070000faca000,0x000070000fbca000)]
  0x00007ff655843000 JavaThread "Signal Dispatcher" daemon [_thread_blocked, id=18183, stack(0x000070000f9c7000,0x000070000fac7000)]
  0x00007ff656009000 JavaThread "Finalizer" daemon [_thread_blocked, id=13059, stack(0x000070000f8c4000,0x000070000f9c4000)]
  0x00007ff655852000 JavaThread "Reference Handler" daemon [_thread_blocked, id=20227, stack(0x000070000f7c1000,0x000070000f8c1000)]
  0x00007ff658802000 JavaThread "main" [_thread_blocked, id=9731, stack(0x000070000eda3000,0x000070000eea3000)]

Other Threads:
  0x00007ff658001800 VMThread [stack: 0x000070000f6be000,0x000070000f7be000] [id=12547]
  0x00007ff658007000 WatcherThread [stack: 0x00007000102e2000,0x00007000103e2000] [id=43011]

VM state:not at safepoint (normal execution)

VM Mutex/Monitor currently owned by a thread: None

Heap:
 PSYoungGen      total 76288K, used 5245K [0x000000076ab00000, 0x0000000770000000, 0x00000007c0000000)
  eden space 65536K, 8% used [0x000000076ab00000,0x000000076b01f7d0,0x000000076eb00000)
  from space 10752K, 0% used [0x000000076f580000,0x000000076f580000,0x0000000770000000)
  to   space 10752K, 0% used [0x000000076eb00000,0x000000076eb00000,0x000000076f580000)
 ParOldGen       total 175104K, used 0K [0x00000006c0000000, 0x00000006cab00000, 0x000000076ab00000)
  object space 175104K, 0% used [0x00000006c0000000,0x00000006c0000000,0x00000006cab00000)
 Metaspace       used 2931K, capacity 4600K, committed 4864K, reserved 1056768K
  class space    used 317K, capacity 424K, committed 512K, reserved 1048576K

Card table byte_map: [0x000000010d560000,0x000000010dd61000] byte_map_base: 0x0000000109f60000

Marking Bits: (ParMarkBitMap*) 0x000000010cae3ea0
 Begin Bits: [0x000000011e818000, 0x0000000122818000)
 End Bits:   [0x0000000122818000, 0x0000000126818000)

Polling page: 0x000000010b115000

CodeCache: size=245760Kb used=1130Kb max_used=1130Kb free=244629Kb
 bounds [0x000000010f818000, 0x000000010fa88000, 0x000000011e818000]
 total_blobs=259 nmethods=30 adapters=151
 compilation: enabled

Compilation events (10 events):
Event: 0.149 Thread 0x00007ff65800e000 nmethod 26 0x000000010f92b710 code [0x000000010f92bb40, 0x000000010f92e798]
Event: 0.149 Thread 0x00007ff65800e000   29       3       sun.nio.cs.UTF_8$Encoder::encode (359 bytes)
Event: 0.149 Thread 0x00007ff659084800 nmethod 27 0x000000010f931c10 code [0x000000010f931d60, 0x000000010f931f38]
Event: 0.150 Thread 0x00007ff65800e000 nmethod 29 0x000000010f92a210 code [0x000000010f92a400, 0x000000010f92af78]
Event: 0.150 Thread 0x00007ff65800e000   25  s    3       sun.misc.URLClassPath::getNextLoader (88 bytes)
Event: 0.150 Thread 0x00007ff65800e000 nmethod 25 0x000000010f930c90 code [0x000000010f930e80, 0x000000010f931728]
Event: 0.150 Thread 0x00007ff65800e000   28       3       java.util.Arrays::copyOfRange (63 bytes)
Event: 0.151 Thread 0x00007ff65800e000 nmethod 28 0x000000010f932050 code [0x000000010f932280, 0x000000010f932dd8]
Event: 0.151 Thread 0x00007ff65800e000   30       1       java.net.URL::getPath (5 bytes)
Event: 0.151 Thread 0x00007ff65800e000 nmethod 30 0x000000010f9309d0 code [0x000000010f930b20, 0x000000010f930c30]

GC Heap History (0 events):
No events

Deoptimization events (0 events):
No events

Internal exceptions (2 events):
Event: 0.035 Thread 0x00007ff658802000 Exception <a 'java/lang/NoSuchMethodError': Method sun.misc.Unsafe.defineClass(Ljava/lang/String;[BII)Ljava/lang/Class; name or signature does not match> (0x000000076ab07cc0) thrown at [/Users/java_re/workspace/8-2-build-macosx-x86_64/jdk8u77/6540/hotspot
Event: 0.035 Thread 0x00007ff658802000 Exception <a 'java/lang/NoSuchMethodError': Method sun.misc.Unsafe.prefetchRead(Ljava/lang/Object;J)V name or signature does not match> (0x000000076ab07fa8) thrown at [/Users/java_re/workspace/8-2-build-macosx-x86_64/jdk8u77/6540/hotspot/src/share/vm/prim

Events (10 events):
Event: 485.255 Executing VM operation: ChangeBreakpoints
Event: 485.255 Executing VM operation: ChangeBreakpoints done
Event: 485.255 Executing VM operation: ChangeBreakpoints
Event: 485.255 Executing VM operation: ChangeBreakpoints done
Event: 485.256 Executing VM operation: ChangeBreakpoints
Event: 485.256 Executing VM operation: ChangeBreakpoints done
Event: 485.256 Executing VM operation: ChangeBreakpoints
Event: 485.256 Executing VM operation: ChangeBreakpoints done
Event: 485.259 Executing VM operation: RedefineClasses
Event: 485.259 Executing VM operation: RedefineClasses done


Dynamic libraries:
0x0000000007c0e000 	/System/Library/Frameworks/Cocoa.framework/Versions/A/Cocoa
0x0000000007c0e000 	/System/Library/Frameworks/Security.framework/Versions/A/Security
0x0000000007c0e000 	/System/Library/Frameworks/ApplicationServices.framework/Versions/A/ApplicationServices
0x0000000007c0e000 	/usr/lib/libz.1.dylib
0x0000000007c0e000 	/usr/lib/libSystem.B.dylib
0x0000000007c0e000 	/usr/lib/libobjc.A.dylib
0x0000000007c0e000 	/System/Library/Frameworks/CoreFoundation.framework/Versions/A/CoreFoundation
0x0000000007c0e000 	/System/Library/Frameworks/Foundation.framework/Versions/C/Foundation
0x0000000007c0e000 	/System/Library/Frameworks/AppKit.framework/Versions/C/AppKit
0x0000000007c0e000 	/System/Library/Frameworks/CoreData.framework/Versions/A/CoreData
0x0000000007c0e000 	/System/Library/PrivateFrameworks/RemoteViewServices.framework/Versions/A/RemoteViewServices
0x0000000007c0e000 	/System/Library/PrivateFrameworks/UIFoundation.framework/Versions/A/UIFoundation
0x0000000007c0e000 	/System/Library/PrivateFrameworks/DFRFoundation.framework/Versions/A/DFRFoundation
0x0000000007c0e000 	/System/Library/Frameworks/Metal.framework/Versions/A/Metal
0x0000000007c0e000 	/System/Library/PrivateFrameworks/DesktopServicesPriv.framework/Versions/A/DesktopServicesPriv
0x0000000007c0e000 	/usr/lib/libenergytrace.dylib
0x0000000007c0e000 	/System/Library/PrivateFrameworks/SkyLight.framework/Versions/A/SkyLight
0x0000000007c0e000 	/System/Library/Frameworks/CoreGraphics.framework/Versions/A/CoreGraphics
0x0000000007c0e000 	/usr/lib/libScreenReader.dylib
0x0000000007c0e000 	/System/Library/Frameworks/Accelerate.framework/Versions/A/Accelerate
0x0000000007c0e000 	/System/Library/Frameworks/IOSurface.framework/Versions/A/IOSurface
0x0000000007c0e000 	/System/Library/Frameworks/AudioToolbox.framework/Versions/A/AudioToolbox
0x0000000007c0e000 	/System/Library/Frameworks/AudioUnit.framework/Versions/A/AudioUnit
0x0000000007c0e000 	/System/Library/PrivateFrameworks/DataDetectorsCore.framework/Versions/A/DataDetectorsCore
0x0000000007c0e000 	/System/Library/Frameworks/Carbon.framework/Versions/A/Frameworks/HIToolbox.framework/Versions/A/HIToolbox
0x0000000007c0e000 	/usr/lib/libicucore.A.dylib
0x0000000007c0e000 	/System/Library/Frameworks/QuartzCore.framework/Versions/A/QuartzCore
0x0000000007c0e000 	/System/Library/PrivateFrameworks/SignpostNotification.framework/Versions/A/SignpostNotification
0x0000000007c0e000 	/System/Library/Frameworks/Carbon.framework/Versions/A/Frameworks/SpeechRecognition.framework/Versions/A/SpeechRecognition
0x0000000007c0e000 	/usr/lib/libauto.dylib
0x0000000007c0e000 	/usr/lib/libxml2.2.dylib
0x0000000007c0e000 	/System/Library/PrivateFrameworks/CoreUI.framework/Versions/A/CoreUI
0x0000000007c0e000 	/System/Library/Frameworks/CoreAudio.framework/Versions/A/CoreAudio
0x0000000007c0e000 	/System/Library/Frameworks/DiskArbitration.framework/Versions/A/DiskArbitration
0x0000000007c0e000 	/usr/lib/liblangid.dylib
0x0000000007c0e000 	/System/Library/PrivateFrameworks/MultitouchSupport.framework/Versions/A/MultitouchSupport
0x0000000007c0e000 	/System/Library/Frameworks/IOKit.framework/Versions/A/IOKit
0x0000000007c0e000 	/usr/lib/libDiagnosticMessagesClient.dylib
0x0000000007c0e000 	/System/Library/Frameworks/CoreServices.framework/Versions/A/CoreServices
0x0000000007c0e000 	/System/Library/PrivateFrameworks/PerformanceAnalysis.framework/Versions/A/PerformanceAnalysis
0x0000000007c0e000 	/System/Library/Frameworks/OpenGL.framework/Versions/A/OpenGL
0x0000000007c0e000 	/System/Library/Frameworks/ColorSync.framework/Versions/A/ColorSync
0x0000000007c0e000 	/System/Library/Frameworks/CoreImage.framework/Versions/A/CoreImage
0x0000000007c0e000 	/System/Library/Frameworks/CoreText.framework/Versions/A/CoreText
0x0000000007c0e000 	/System/Library/Frameworks/ImageIO.framework/Versions/A/ImageIO
0x0000000007c0e000 	/System/Library/PrivateFrameworks/Backup.framework/Versions/A/Backup
0x0000000007c0e000 	/usr/lib/libarchive.2.dylib
0x0000000007c0e000 	/System/Library/Frameworks/CFNetwork.framework/Versions/A/CFNetwork
0x0000000007c0e000 	/System/Library/Frameworks/SystemConfiguration.framework/Versions/A/SystemConfiguration
0x0000000007c0e000 	/usr/lib/libCRFSuite.dylib
0x0000000007c0e000 	/usr/lib/libc++.1.dylib
0x0000000007c0e000 	/usr/lib/libc++abi.dylib
0x0000000007c0e000 	/usr/lib/system/libcache.dylib
0x0000000007c0e000 	/usr/lib/system/libcommonCrypto.dylib
0x0000000007c0e000 	/usr/lib/system/libcompiler_rt.dylib
0x0000000007c0e000 	/usr/lib/system/libcopyfile.dylib
0x0000000007c0e000 	/usr/lib/system/libcorecrypto.dylib
0x0000000007c0e000 	/usr/lib/system/libdispatch.dylib
0x0000000007c0e000 	/usr/lib/system/libdyld.dylib
0x0000000007c0e000 	/usr/lib/system/libkeymgr.dylib
0x0000000007c0e000 	/usr/lib/system/liblaunch.dylib
0x0000000007c0e000 	/usr/lib/system/libmacho.dylib
0x0000000007c0e000 	/usr/lib/system/libquarantine.dylib
0x0000000007c0e000 	/usr/lib/system/libremovefile.dylib
0x0000000007c0e000 	/usr/lib/system/libsystem_asl.dylib
0x0000000007c0e000 	/usr/lib/system/libsystem_blocks.dylib
0x0000000007c0e000 	/usr/lib/system/libsystem_c.dylib
0x0000000007c0e000 	/usr/lib/system/libsystem_configuration.dylib
0x0000000007c0e000 	/usr/lib/system/libsystem_coreservices.dylib
0x0000000007c0e000 	/usr/lib/system/libsystem_darwin.dylib
0x0000000007c0e000 	/usr/lib/system/libsystem_dnssd.dylib
0x0000000007c0e000 	/usr/lib/system/libsystem_info.dylib
0x0000000007c0e000 	/usr/lib/system/libsystem_m.dylib
0x0000000007c0e000 	/usr/lib/system/libsystem_malloc.dylib
0x0000000007c0e000 	/usr/lib/system/libsystem_network.dylib
0x0000000007c0e000 	/usr/lib/system/libsystem_networkextension.dylib
0x0000000007c0e000 	/usr/lib/system/libsystem_notify.dylib
0x0000000007c0e000 	/usr/lib/system/libsystem_sandbox.dylib
0x0000000007c0e000 	/usr/lib/system/libsystem_secinit.dylib
0x0000000007c0e000 	/usr/lib/system/libsystem_kernel.dylib
0x0000000007c0e000 	/usr/lib/system/libsystem_platform.dylib
0x0000000007c0e000 	/usr/lib/system/libsystem_pthread.dylib
0x0000000007c0e000 	/usr/lib/system/libsystem_symptoms.dylib
0x0000000007c0e000 	/usr/lib/system/libsystem_trace.dylib
0x0000000007c0e000 	/usr/lib/system/libunwind.dylib
0x0000000007c0e000 	/usr/lib/system/libxpc.dylib
0x0000000007c0e000 	/usr/lib/closure/libclosured.dylib
0x0000000007c0e000 	/usr/lib/libbsm.0.dylib
0x0000000007c0e000 	/usr/lib/system/libkxld.dylib
0x0000000007c0e000 	/usr/lib/libOpenScriptingUtil.dylib
0x0000000007c0e000 	/usr/lib/libcoretls.dylib
0x0000000007c0e000 	/usr/lib/libcoretls_cfhelpers.dylib
0x0000000007c0e000 	/usr/lib/libpam.2.dylib
0x0000000007c0e000 	/usr/lib/libsqlite3.dylib
0x0000000007c0e000 	/usr/lib/libxar.1.dylib
0x0000000007c0e000 	/usr/lib/libbz2.1.0.dylib
0x0000000007c0e000 	/usr/lib/liblzma.5.dylib
0x0000000007c0e000 	/usr/lib/libnetwork.dylib
0x0000000007c0e000 	/usr/lib/libapple_nghttp2.dylib
0x0000000007c0e000 	/usr/lib/libpcap.A.dylib
0x0000000007c0e000 	/usr/lib/libboringssl.dylib
0x0000000007c0e000 	/usr/lib/libusrtcp.dylib
0x0000000007c0e000 	/usr/lib/libapple_crypto.dylib
0x0000000007c0e000 	/System/Library/Frameworks/CoreServices.framework/Versions/A/Frameworks/FSEvents.framework/Versions/A/FSEvents
0x0000000007c0e000 	/System/Library/Frameworks/CoreServices.framework/Versions/A/Frameworks/CarbonCore.framework/Versions/A/CarbonCore
0x0000000007c0e000 	/System/Library/Frameworks/CoreServices.framework/Versions/A/Frameworks/Metadata.framework/Versions/A/Metadata
0x0000000007c0e000 	/System/Library/Frameworks/CoreServices.framework/Versions/A/Frameworks/OSServices.framework/Versions/A/OSServices
0x0000000007c0e000 	/System/Library/Frameworks/CoreServices.framework/Versions/A/Frameworks/SearchKit.framework/Versions/A/SearchKit
0x0000000007c0e000 	/System/Library/Frameworks/CoreServices.framework/Versions/A/Frameworks/AE.framework/Versions/A/AE
0x0000000007c0e000 	/System/Library/Frameworks/CoreServices.framework/Versions/A/Frameworks/LaunchServices.framework/Versions/A/LaunchServices
0x0000000007c0e000 	/System/Library/Frameworks/CoreServices.framework/Versions/A/Frameworks/DictionaryServices.framework/Versions/A/DictionaryServices
0x0000000007c0e000 	/System/Library/Frameworks/CoreServices.framework/Versions/A/Frameworks/SharedFileList.framework/Versions/A/SharedFileList
0x0000000007c0e000 	/System/Library/Frameworks/NetFS.framework/Versions/A/NetFS
0x0000000007c0e000 	/System/Library/PrivateFrameworks/NetAuth.framework/Versions/A/NetAuth
0x0000000007c0e000 	/System/Library/PrivateFrameworks/login.framework/Versions/A/Frameworks/loginsupport.framework/Versions/A/loginsupport
0x0000000007c0e000 	/System/Library/PrivateFrameworks/TCC.framework/Versions/A/TCC
0x0000000007c0e000 	/usr/lib/libmecabra.dylib
0x0000000007c0e000 	/System/Library/Frameworks/ApplicationServices.framework/Versions/A/Frameworks/ATS.framework/Versions/A/ATS
0x0000000007c0e000 	/System/Library/Frameworks/ApplicationServices.framework/Versions/A/Frameworks/ColorSyncLegacy.framework/Versions/A/ColorSyncLegacy
0x0000000007c0e000 	/System/Library/Frameworks/ApplicationServices.framework/Versions/A/Frameworks/HIServices.framework/Versions/A/HIServices
0x0000000007c0e000 	/System/Library/Frameworks/ApplicationServices.framework/Versions/A/Frameworks/LangAnalysis.framework/Versions/A/LangAnalysis
0x0000000007c0e000 	/System/Library/Frameworks/ApplicationServices.framework/Versions/A/Frameworks/PrintCore.framework/Versions/A/PrintCore
0x0000000007c0e000 	/System/Library/Frameworks/ApplicationServices.framework/Versions/A/Frameworks/QD.framework/Versions/A/QD
0x0000000007c0e000 	/System/Library/Frameworks/ApplicationServices.framework/Versions/A/Frameworks/SpeechSynthesis.framework/Versions/A/SpeechSynthesis
0x0000000007c0e000 	/System/Library/Frameworks/CoreDisplay.framework/Versions/A/CoreDisplay
0x0000000007c0e000 	/System/Library/Frameworks/Accelerate.framework/Versions/A/Frameworks/vImage.framework/Versions/A/vImage
0x0000000007c0e000 	/System/Library/Frameworks/Accelerate.framework/Versions/A/Frameworks/vecLib.framework/Versions/A/vecLib
0x0000000007c0e000 	/System/Library/Frameworks/Accelerate.framework/Versions/A/Frameworks/vecLib.framework/Versions/A/libvDSP.dylib
0x0000000007c0e000 	/System/Library/Frameworks/Accelerate.framework/Versions/A/Frameworks/vecLib.framework/Versions/A/libBNNS.dylib
0x0000000007c0e000 	/System/Library/Frameworks/Accelerate.framework/Versions/A/Frameworks/vecLib.framework/Versions/A/libQuadrature.dylib
0x0000000007c0e000 	/System/Library/Frameworks/Accelerate.framework/Versions/A/Frameworks/vecLib.framework/Versions/A/libvMisc.dylib
0x0000000007c0e000 	/System/Library/Frameworks/Accelerate.framework/Versions/A/Frameworks/vecLib.framework/Versions/A/libLAPACK.dylib
0x0000000007c0e000 	/System/Library/Frameworks/Accelerate.framework/Versions/A/Frameworks/vecLib.framework/Versions/A/libBLAS.dylib
0x0000000007c0e000 	/System/Library/Frameworks/Accelerate.framework/Versions/A/Frameworks/vecLib.framework/Versions/A/libLinearAlgebra.dylib
0x0000000007c0e000 	/System/Library/Frameworks/Accelerate.framework/Versions/A/Frameworks/vecLib.framework/Versions/A/libSparse.dylib
0x0000000007c0e000 	/System/Library/Frameworks/Accelerate.framework/Versions/A/Frameworks/vecLib.framework/Versions/A/libSparseBLAS.dylib
0x0000000007c0e000 	/System/Library/PrivateFrameworks/GPUWrangler.framework/Versions/A/GPUWrangler
0x0000000007c0e000 	/System/Library/PrivateFrameworks/IOAccelerator.framework/Versions/A/IOAccelerator
0x0000000007c0e000 	/System/Library/PrivateFrameworks/IOPresentment.framework/Versions/A/IOPresentment
0x0000000007c0e000 	/System/Library/PrivateFrameworks/DSExternalDisplay.framework/Versions/A/DSExternalDisplay
0x0000000007c0e000 	/System/Library/Frameworks/OpenGL.framework/Versions/A/Libraries/libCoreFSCache.dylib
0x0000000007c0e000 	/System/Library/Frameworks/CoreVideo.framework/Versions/A/CoreVideo
0x0000000007c0e000 	/System/Library/PrivateFrameworks/GraphVisualizer.framework/Versions/A/GraphVisualizer
0x0000000007c0e000 	/System/Library/Frameworks/MetalPerformanceShaders.framework/Versions/A/MetalPerformanceShaders
0x0000000007c0e000 	/usr/lib/libFosl_dynamic.dylib
0x0000000007c0e000 	/System/Library/PrivateFrameworks/FaceCore.framework/Versions/A/FaceCore
0x0000000007c0e000 	/System/Library/Frameworks/OpenCL.framework/Versions/A/OpenCL
0x0000000007c0e000 	/usr/lib/libcompression.dylib
0x0000000007c0e000 	/System/Library/Frameworks/ApplicationServices.framework/Versions/A/Frameworks/ATS.framework/Versions/A/Resources/libFontParser.dylib
0x0000000007c0e000 	/System/Library/Frameworks/ApplicationServices.framework/Versions/A/Frameworks/ATS.framework/Versions/A/Resources/libFontRegistry.dylib
0x0000000007c0e000 	/System/Library/Frameworks/ImageIO.framework/Versions/A/Resources/libJPEG.dylib
0x0000000007c0e000 	/System/Library/Frameworks/ImageIO.framework/Versions/A/Resources/libTIFF.dylib
0x0000000007c0e000 	/System/Library/Frameworks/ImageIO.framework/Versions/A/Resources/libPng.dylib
0x0000000007c0e000 	/System/Library/Frameworks/ImageIO.framework/Versions/A/Resources/libGIF.dylib
0x0000000007c0e000 	/System/Library/Frameworks/ImageIO.framework/Versions/A/Resources/libJP2.dylib
0x0000000007c0e000 	/System/Library/Frameworks/ImageIO.framework/Versions/A/Resources/libRadiance.dylib
0x0000000007c0e000 	/System/Library/PrivateFrameworks/AppleJPEG.framework/Versions/A/AppleJPEG
0x0000000007c0e000 	/System/Library/Frameworks/MetalPerformanceShaders.framework/Frameworks/MPSCore.framework/Versions/A/MPSCore
0x0000000007c0e000 	/System/Library/Frameworks/MetalPerformanceShaders.framework/Frameworks/MPSImage.framework/Versions/A/MPSImage
0x0000000007c0e000 	/System/Library/Frameworks/MetalPerformanceShaders.framework/Frameworks/MPSNeuralNetwork.framework/Versions/A/MPSNeuralNetwork
0x0000000007c0e000 	/System/Library/Frameworks/MetalPerformanceShaders.framework/Frameworks/MPSMatrix.framework/Versions/A/MPSMatrix
0x0000000007c0e000 	/System/Library/PrivateFrameworks/MetalTools.framework/Versions/A/MetalTools
0x0000000007c0e000 	/System/Library/Frameworks/OpenGL.framework/Versions/A/Libraries/libGLU.dylib
0x0000000007c0e000 	/System/Library/Frameworks/OpenGL.framework/Versions/A/Libraries/libGFXShared.dylib
0x0000000007c0e000 	/System/Library/Frameworks/OpenGL.framework/Versions/A/Libraries/libGL.dylib
0x0000000007c0e000 	/System/Library/Frameworks/OpenGL.framework/Versions/A/Libraries/libGLImage.dylib
0x0000000007c0e000 	/System/Library/Frameworks/OpenGL.framework/Versions/A/Libraries/libCVMSPluginSupport.dylib
0x0000000007c0e000 	/System/Library/Frameworks/OpenGL.framework/Versions/A/Libraries/libCoreVMClient.dylib
0x0000000007c0e000 	/usr/lib/libcups.2.dylib
0x0000000007c0e000 	/System/Library/Frameworks/Kerberos.framework/Versions/A/Kerberos
0x0000000007c0e000 	/System/Library/Frameworks/GSS.framework/Versions/A/GSS
0x0000000007c0e000 	/usr/lib/libresolv.9.dylib
0x0000000007c0e000 	/usr/lib/libiconv.2.dylib
0x0000000007c0e000 	/System/Library/PrivateFrameworks/Heimdal.framework/Versions/A/Heimdal
0x0000000007c0e000 	/usr/lib/libheimdal-asn1.dylib
0x0000000007c0e000 	/System/Library/Frameworks/OpenDirectory.framework/Versions/A/OpenDirectory
0x0000000007c0e000 	/System/Library/PrivateFrameworks/CommonAuth.framework/Versions/A/CommonAuth
0x0000000007c0e000 	/System/Library/Frameworks/OpenDirectory.framework/Versions/A/Frameworks/CFOpenDirectory.framework/Versions/A/CFOpenDirectory
0x0000000007c0e000 	/System/Library/Frameworks/SecurityFoundation.framework/Versions/A/SecurityFoundation
0x0000000007c0e000 	/System/Library/PrivateFrameworks/APFS.framework/Versions/A/APFS
0x0000000007c0e000 	/usr/lib/libutil.dylib
0x0000000007c0e000 	/System/Library/PrivateFrameworks/AppleSauce.framework/Versions/A/AppleSauce
0x0000000007c0e000 	/System/Library/PrivateFrameworks/LinguisticData.framework/Versions/A/LinguisticData
0x0000000007c0e000 	/usr/lib/libmarisa.dylib
0x0000000007c0e000 	/System/Library/PrivateFrameworks/Lexicon.framework/Versions/A/Lexicon
0x0000000007c0e000 	/usr/lib/libChineseTokenizer.dylib
0x0000000007c0e000 	/usr/lib/libcmph.dylib
0x0000000007c0e000 	/System/Library/PrivateFrameworks/LanguageModeling.framework/Versions/A/LanguageModeling
0x0000000007c0e000 	/System/Library/PrivateFrameworks/CoreEmoji.framework/Versions/A/CoreEmoji
0x0000000007c0e000 	/System/Library/Frameworks/ServiceManagement.framework/Versions/A/ServiceManagement
0x0000000007c0e000 	/System/Library/PrivateFrameworks/BackgroundTaskManagement.framework/Versions/A/BackgroundTaskManagement
0x0000000007c0e000 	/usr/lib/libxslt.1.dylib
0x0000000007c0e000 	/System/Library/Frameworks/Carbon.framework/Versions/A/Frameworks/Ink.framework/Versions/A/Ink
0x0000000007c0e000 	/System/Library/PrivateFrameworks/TextureIO.framework/Versions/A/TextureIO
0x0000000007c0e000 	/usr/lib/libate.dylib
0x0000000007c0e000 	/System/Library/PrivateFrameworks/CrashReporterSupport.framework/Versions/A/CrashReporterSupport
0x0000000007c0e000 	/System/Library/PrivateFrameworks/Sharing.framework/Versions/A/Sharing
0x0000000007c0e000 	/System/Library/PrivateFrameworks/IconServices.framework/Versions/A/IconServices
0x0000000007c0e000 	/System/Library/PrivateFrameworks/Apple80211.framework/Versions/A/Apple80211
0x0000000007c0e000 	/System/Library/PrivateFrameworks/CoreUtils.framework/Versions/A/CoreUtils
0x0000000007c0e000 	/System/Library/Frameworks/CoreWLAN.framework/Versions/A/CoreWLAN
0x0000000007c0e000 	/System/Library/Frameworks/IOBluetooth.framework/Versions/A/IOBluetooth
0x0000000007c0e000 	/System/Library/PrivateFrameworks/ProtocolBuffer.framework/Versions/A/ProtocolBuffer
0x0000000007c0e000 	/System/Library/PrivateFrameworks/CoreWiFi.framework/Versions/A/CoreWiFi
0x0000000007c0e000 	/System/Library/Frameworks/CoreBluetooth.framework/Versions/A/CoreBluetooth
0x0000000007c0e000 	/System/Library/PrivateFrameworks/DebugSymbols.framework/Versions/A/DebugSymbols
0x0000000007c0e000 	/System/Library/PrivateFrameworks/CoreSymbolication.framework/Versions/A/CoreSymbolication
0x0000000007c0e000 	/System/Library/PrivateFrameworks/Symbolication.framework/Versions/A/Symbolication
0x0000000007c0e000 	/System/Library/PrivateFrameworks/AppleFSCompression.framework/Versions/A/AppleFSCompression
0x0000000007c0e000 	/System/Library/PrivateFrameworks/SpeechRecognitionCore.framework/Versions/A/SpeechRecognitionCore
0x000000010c200000 	/Library/Java/JavaVirtualMachines/jdk1.8.0_77.jdk/Contents/Home/jre/lib/server/libjvm.dylib
0x0000000007c0e000 	/usr/lib/libstdc++.6.0.9.dylib
0x000000010b0d2000 	/Library/Java/JavaVirtualMachines/jdk1.8.0_77.jdk/Contents/Home/jre/lib/libverify.dylib
0x000000010b0e0000 	/Library/Java/JavaVirtualMachines/jdk1.8.0_77.jdk/Contents/Home/jre/lib/libjava.dylib
0x000000010b116000 	/Library/Java/JavaVirtualMachines/jdk1.8.0_77.jdk/Contents/Home/jre/lib/libjdwp.dylib
0x000000010b161000 	/Library/Java/JavaVirtualMachines/jdk1.8.0_77.jdk/Contents/Home/jre/lib/libnpt.dylib
0x000000010b165000 	/Library/Java/JavaVirtualMachines/jdk1.8.0_77.jdk/Contents/Home/jre/lib/libinstrument.dylib
0x000000010d197000 	/Library/Java/JavaVirtualMachines/jdk1.8.0_77.jdk/Contents/Home/jre/lib/libzip.dylib
0x0000000007c0e000 	/System/Library/Frameworks/JavaVM.framework/Versions/A/Frameworks/JavaRuntimeSupport.framework/Versions/A/JavaRuntimeSupport
0x0000000007c0e000 	/System/Library/Frameworks/JavaVM.framework/Versions/A/Frameworks/JavaNativeFoundation.framework/Versions/A/JavaNativeFoundation
0x0000000007c0e000 	/System/Library/Frameworks/JavaVM.framework/Versions/A/JavaVM
0x0000000007c0e000 	/System/Library/Frameworks/Carbon.framework/Versions/A/Carbon
0x0000000007c0e000 	/System/Library/PrivateFrameworks/JavaLaunching.framework/Versions/A/JavaLaunching
0x0000000007c0e000 	/System/Library/Frameworks/Carbon.framework/Versions/A/Frameworks/CommonPanels.framework/Versions/A/CommonPanels
0x0000000007c0e000 	/System/Library/Frameworks/Carbon.framework/Versions/A/Frameworks/Help.framework/Versions/A/Help
0x0000000007c0e000 	/System/Library/Frameworks/Carbon.framework/Versions/A/Frameworks/ImageCapture.framework/Versions/A/ImageCapture
0x0000000007c0e000 	/System/Library/Frameworks/Carbon.framework/Versions/A/Frameworks/OpenScripting.framework/Versions/A/OpenScripting
0x0000000007c0e000 	/System/Library/Frameworks/Carbon.framework/Versions/A/Frameworks/Print.framework/Versions/A/Print
0x0000000007c0e000 	/System/Library/Frameworks/Carbon.framework/Versions/A/Frameworks/SecurityHI.framework/Versions/A/SecurityHI
0x000000010f771000 	/Library/Java/JavaVirtualMachines/jdk1.8.0_77.jdk/Contents/Home/jre/lib/libdt_socket.dylib

VM Arguments:
jvm_args: -agentlib:jdwp=transport=dt_socket,address=127.0.0.1:50564,suspend=y,server=n -javaagent:/Users/rahul/Library/Caches/IdeaIC2017.3/captureAgent/debugger-agent.jar=/private/var/folders/lj/j01rdg4x1nd8ydm_rhspq4t40000gn/T/capture.props -Dfile.encoding=UTF-8 
java_command: Samples.Solutions
java_class_path (initial): /Users/rahul/Documents/workspace/CodeSamples/bin:/Library/Java/JavaVirtualMachines/jdk1.8.0_77.jdk/Contents/Home/jre/lib/charsets.jar:/Library/Java/JavaVirtualMachines/jdk1.8.0_77.jdk/Contents/Home/jre/lib/deploy.jar:/Library/Java/JavaVirtualMachines/jdk1.8.0_77.jdk/Contents/Home/jre/lib/ext/cldrdata.jar:/Library/Java/JavaVirtualMachines/jdk1.8.0_77.jdk/Contents/Home/jre/lib/ext/dnsns.jar:/Library/Java/JavaVirtualMachines/jdk1.8.0_77.jdk/Contents/Home/jre/lib/ext/jaccess.jar:/Library/Java/JavaVirtualMachines/jdk1.8.0_77.jdk/Contents/Home/jre/lib/ext/jfxrt.jar:/Library/Java/JavaVirtualMachines/jdk1.8.0_77.jdk/Contents/Home/jre/lib/ext/localedata.jar:/Library/Java/JavaVirtualMachines/jdk1.8.0_77.jdk/Contents/Home/jre/lib/ext/nashorn.jar:/Library/Java/JavaVirtualMachines/jdk1.8.0_77.jdk/Contents/Home/jre/lib/ext/sunec.jar:/Library/Java/JavaVirtualMachines/jdk1.8.0_77.jdk/Contents/Home/jre/lib/ext/sunjce_provider.jar:/Library/Java/JavaVirtualMachines/jdk1.8.0_77.jdk/Contents/Home/jre/lib/ext/sunpkcs11.jar:/Library/Java/JavaVirtualMachines/jdk1.8.0_77.jdk/Contents/Home/jre/lib/ext/zipfs.jar:/Library/Java/JavaVirtualMachines/jdk1.8.0_77.jdk/Contents/Home/jre/lib/javaws.jar:/Library/Java/JavaVirtualMachines/jdk1.8.0_77.jdk/Contents/Home/jre/lib/jce.jar:/Library/Java/JavaVirtualMachines/jdk1.8.0_77.jdk/Contents/Home/jre/lib/jfr.jar:/Library/Java/JavaVirtualMachines/jdk1.8.0_77.jdk/Contents/Home/jre/lib/jfxswt.jar:/Library/Java/JavaVirtualMachines/jdk1.8.0_77.jdk/Contents/Home/jre/lib/jsse.jar:/Library/Java/JavaVirtualMachines/jdk1.8.0_77.jdk/Contents/Home/jre/lib/management-agent.jar:/Library/Java/JavaVirtualMachines/jdk1.8.0_77.jdk/Contents/Home/jre/lib/plugin.jar:/Library/Java/JavaVirtualMachines/jdk1.8.0_77.jdk/Contents/Home/jre/lib/resources.jar:/Library/Java/JavaVirtualMachines/jdk1.8.0_77.jdk/Contents/Home/jre/lib/rt.jar:/Library/Java/JavaVirtualMachines/jdk1.8.0_77.jdk/Contents/Home/lib/ant-javafx.jar:/Library/Java/JavaVirtualMachines/jdk
Launcher Type: SUN_STANDARD

Environment Variables:
JAVA_HOME=/Library/Java/JavaVirtualMachines/jdk1.8.0_77.jdk/Contents/Home
PATH=/Users/rahul/Downloads/google-cloud-sdk/bin:/Users/rahul/.nvm/versions/node/v8.2.1/bin:/Users/rahul/anaconda/bin:/opt/local/bin:/opt/local/sbin:/usr/local/bin:/usr/bin:/bin:/usr/sbin:/sbin:/Library/TeX/texbin:/opt/X11/bin:/Library/Frameworks/Mono.framework/Versions/Current/Commands:/Applications/Wireshark.app/Contents/MacOS:/Users/rahul/bin:/usr/local/bin:/Users/rahul/Development/adt-bundle-mac-x86_64-20140321/sdk:/Users/rahul/Development/adt-bundle-mac-x86_64-20140321/sdk/platform-tools:/Users/rahul/Development/adt-bundle-mac-x86_64-20140321/sdk/tools:/Users/rahul/Library/Python/2.7/bin/
SHELL=/bin/bash
DISPLAY=/private/tmp/com.apple.launchd.h2juJavRik/org.macosforge.xquartz:0

Signal Handlers:
SIGSEGV: [libjvm.dylib+0x5a6855], sa_mask[0]=11111111011111110111111111111111, sa_flags=SA_ONSTACK|SA_RESTART|SA_SIGINFO
SIGBUS: [libjvm.dylib+0x5a6855], sa_mask[0]=11111111011111110111111111111111, sa_flags=SA_RESTART|SA_SIGINFO
SIGFPE: [libjvm.dylib+0x4804ec], sa_mask[0]=11111111011111110111111111111111, sa_flags=SA_RESTART|SA_SIGINFO
SIGPIPE: [libjvm.dylib+0x4804ec], sa_mask[0]=11111111011111110111111111111111, sa_flags=SA_RESTART|SA_SIGINFO
SIGXFSZ: [libjvm.dylib+0x4804ec], sa_mask[0]=11111111011111110111111111111111, sa_flags=SA_RESTART|SA_SIGINFO
SIGILL: [libjvm.dylib+0x4804ec], sa_mask[0]=11111111011111110111111111111111, sa_flags=SA_RESTART|SA_SIGINFO
SIGUSR1: SIG_DFL, sa_mask[0]=00000000000000000000000000000000, sa_flags=none
SIGUSR2: [libjvm.dylib+0x48000a], sa_mask[0]=00100000000000000000000000000000, sa_flags=SA_RESTART|SA_SIGINFO
SIGHUP: [libjvm.dylib+0x47e5e1], sa_mask[0]=11111111011111110111111111111111, sa_flags=SA_RESTART|SA_SIGINFO
SIGINT: [libjvm.dylib+0x47e5e1], sa_mask[0]=11111111011111110111111111111111, sa_flags=SA_RESTART|SA_SIGINFO
SIGTERM: [libjvm.dylib+0x47e5e1], sa_mask[0]=11111111011111110111111111111111, sa_flags=SA_RESTART|SA_SIGINFO
SIGQUIT: [libjvm.dylib+0x47e5e1], sa_mask[0]=11111111011111110111111111111111, sa_flags=SA_RESTART|SA_SIGINFO


---------------  S Y S T E M  ---------------

OS:Bsduname:Darwin 17.5.0 Darwin Kernel Version 17.5.0: Mon Jan 29 02:17:30 PST 2018; root:xnu-4570.50.257~17/RELEASE_X86_64 x86_64
rlimit: STACK 8192k, CORE 0k, NPROC 1418, NOFILE 10240, AS infinity
load average:2.13 2.37 2.31

CPU:total 8 (4 cores per cpu, 2 threads per core) family 6 model 70 stepping 1, cmov, cx8, fxsr, mmx, sse, sse2, sse3, ssse3, sse4.1, sse4.2, popcnt, avx, avx2, aes, clmul, erms, rtm, lzcnt, ht, tsc, tscinvbit, bmi1, bmi2

Memory: 4k page, physical 16777216k(3025340k free)

/proc/meminfo:


vm_info: Java HotSpot(TM) 64-Bit Server VM (25.77-b03) for bsd-amd64 JRE (1.8.0_77-b03), built on Mar 20 2016 22:14:03 by "java_re" with gcc 4.2.1 (Based on Apple Inc. build 5658) (LLVM build 2336.11.00)

time: Sun Feb 18 07:49:27 2018
elapsed time: 485 seconds (0d 0h 8m 5s)

